<?xml version="1.0" encoding="UTF-8"?>
<!-- Generated by org.testng.reporters.JUnitXMLReporter -->
<testsuite ignored="4" hostname="DESKTOP-VJ1QKA2" failures="0" tests="2" name="Test" time="0.315" errors="0" timestamp="2023-01-28T22:20:19 IST">
  <testcase classname="sampleTest" name="test3" time="0.037"/>
  <testcase classname="sampleTestTwo" name="test3" time="0.02"/>
  <testcase classname="sampleTest" name="test2" time="0.0">
    <ignored/>
  </testcase> <!-- test2 -->
  <testcase classname="sampleTest" name="test1" time="0.0">
    <ignored/>
  </testcase> <!-- test1 -->
  <testcase classname="sampleTestTwo" name="test1" time="0.0">
    <ignored/>
  </testcase> <!-- test1 -->
  <testcase classname="sampleTestTwo" name="test2" time="0.0">
    <ignored/>
  </testcase> <!-- test2 -->
</testsuite> <!-- Test -->
