<?xml version="1.0" encoding="UTF-8"?>
<!-- Generated by org.testng.reporters.JUnitXMLReporter -->
<testsuite ignored="0" hostname="DESKTOP-TUAS121" failures="0" tests="6" name="Test1" time="0.616" errors="0" timestamp="2023-03-12T19:18:02 IST">
  <testcase classname="tc1" name="script1" time="0.041"/>
  <testcase classname="tc1" name="script2" time="0.015"/>
  <testcase classname="tc1" name="script3" time="0.021"/>
  <testcase classname="tc2" name="script1" time="0.045"/>
  <testcase classname="tc2" name="script2" time="0.019"/>
  <testcase classname="tc2" name="script3" time="0.049"/>
</testsuite> <!-- Test1 -->
