<?xml version="1.0" encoding="UTF-8"?>
<!-- Generated by org.testng.reporters.JUnitXMLReporter -->
<testsuite ignored="0" hostname="DESKTOP-TUAS121" failures="0" tests="4" name="Test" time="0.394" errors="0" timestamp="2023-03-12T19:33:32 IST">
  <testcase classname="tc2" name="script1" time="0.067"/>
  <testcase classname="tc2" name="script2" time="0.02"/>
  <testcase classname="tc2" name="script3" time="0.019"/>
  <testcase classname="tc2" name="test" time="0.025"/>
</testsuite> <!-- Test -->
