<?xml version="1.0" encoding="UTF-8"?>
<testng-results ignored="0" total="1" passed="1" failed="0" skipped="0">
  <reporter-output>
  </reporter-output>
  <suite started-at="2023-01-29T18:34:56 IST" name="parameterPassing" finished-at="2023-01-29T18:34:56 IST" duration-ms="238">
    <groups>
    </groups>
    <test started-at="2023-01-29T18:34:56 IST" name="Command line test" finished-at="2023-01-29T18:34:56 IST" duration-ms="238">
      <class name="parameterPassing">
        <test-method signature="sampletest()[pri:0, instance:parameterPassing@36bc55de]" started-at="2023-01-29T18:34:56 IST" name="sampletest" finished-at="2023-01-29T18:34:56 IST" duration-ms="30" status="PASS">
          <reporter-output>
          </reporter-output>
        </test-method> <!-- sampletest -->
      </class> <!-- parameterPassing -->
    </test> <!-- Command line test -->
  </suite> <!-- parameterPassing -->
</testng-results>
