<?xml version="1.0" encoding="UTF-8"?>
<testng-results ignored="0" total="4" passed="4" failed="0" skipped="0">
  <reporter-output>
  </reporter-output>
  <suite started-at="2023-03-12T19:33:32 IST" name="Suite" finished-at="2023-03-12T19:33:32 IST" duration-ms="394">
    <groups>
      <group name="smoke">
        <method signature="tc2.script1()[pri:0, instance:tc2@2accdbb5]" name="script1" class="tc2"/>
        <method signature="tc2.script2()[pri:0, instance:tc2@2accdbb5]" name="script2" class="tc2"/>
        <method signature="tc2.script3()[pri:0, instance:tc2@2accdbb5]" name="script3" class="tc2"/>
      </group> <!-- smoke -->
      <group name="regressioin">
        <method signature="tc2.script2()[pri:0, instance:tc2@2accdbb5]" name="script2" class="tc2"/>
        <method signature="tc2.script3()[pri:0, instance:tc2@2accdbb5]" name="script3" class="tc2"/>
      </group> <!-- regressioin -->
    </groups>
    <test started-at="2023-03-12T19:33:32 IST" name="Test" finished-at="2023-03-12T19:33:32 IST" duration-ms="394">
      <class name="tc2">
        <test-method signature="script1()[pri:0, instance:tc2@2accdbb5]" started-at="2023-03-12T19:33:32 IST" name="script1" finished-at="2023-03-12T19:33:32 IST" duration-ms="67" status="PASS">
          <reporter-output>
          </reporter-output>
        </test-method> <!-- script1 -->
        <test-method signature="script2()[pri:0, instance:tc2@2accdbb5]" started-at="2023-03-12T19:33:32 IST" name="script2" finished-at="2023-03-12T19:33:32 IST" duration-ms="20" status="PASS">
          <reporter-output>
          </reporter-output>
        </test-method> <!-- script2 -->
        <test-method signature="script3()[pri:0, instance:tc2@2accdbb5]" started-at="2023-03-12T19:33:32 IST" name="script3" finished-at="2023-03-12T19:33:32 IST" duration-ms="19" status="PASS">
          <reporter-output>
          </reporter-output>
        </test-method> <!-- script3 -->
        <test-method signature="test(java.lang.String)[pri:0, instance:tc2@2accdbb5]" started-at="2023-03-12T19:33:32 IST" name="test" finished-at="2023-03-12T19:33:32 IST" duration-ms="25" status="PASS">
          <params>
            <param index="0">
              <value>
                <![CDATA[Hello]]>
              </value>
            </param>
          </params>
          <reporter-output>
          </reporter-output>
        </test-method> <!-- test -->
      </class> <!-- tc2 -->
    </test> <!-- Test -->
  </suite> <!-- Suite -->
</testng-results>
